Command line:
   InstructionDecoder_isim_beh.exe
     -simmode  gui
     -simrunnum  0
     -socket  60719

Tue Oct 14 13:17:09 2014


 Elaboration Time: 0.0468 sec

 Current Memory Usage: 666.419 Meg

 Total Signals          : 20
 Total Nets             : 86
 Total Signal Drivers   : 11
 Total Blocks           : 2
 Total Primitive Blocks : 2
 Total Processes        : 12
 Total Traceable Variables  : 23
 Total Scalar Nets and Variables : 326
Total Line Count : 20

 Total Simulation Time: 0.0468 sec

 Current Memory Usage: 666.419 Meg

Tue Oct 14 13:17:17 2014

