Running: C:\Xilinx\14.4\ISE_DS\ISE\bin\nt64\unwrapped\fuse.exe -intstyle ise -incremental -lib unisims_ver -lib unimacro_ver -lib xilinxcorelib_ver -lib secureip -o U:/My Documents/Lab6/MusicSynthesizer_MusicSynthesizer_sch_tb_isim_beh.exe -prj U:/My Documents/Lab6/MusicSynthesizer_MusicSynthesizer_sch_tb_beh.prj work.MusicSynthesizer_MusicSynthesizer_sch_tb work.glbl 
ISim P.49d (signature 0x7708f090)
Number of CPUs detected in this system: 4
Turning on mult-threading, number of parallel sub-compilation jobs: 8 
Determining compilation order of HDL files
Analyzing Verilog file "U:/My Documents/Lab6/sound_generator.v" into library work
Analyzing Verilog file "U:/My Documents/Lab6/song_library.v" into library work
Analyzing Verilog file "U:/My Documents/Lab6/Pulse_generator.v" into library work
Analyzing Verilog file "U:/My Documents/Lab6/Keyboard.v" into library work
Analyzing Verilog file "U:/My Documents/Lab6/Duration_FSM.v" into library work
Analyzing Verilog file "U:/My Documents/Lab6/MusicSynthesizer.vf" into library work
Analyzing Verilog file "U:/My Documents/Lab6/TestSynthesizer.v" into library work
Analyzing Verilog file "C:/Xilinx/14.4/ISE_DS/ISE//verilog/src/glbl.v" into library work
Starting static elaboration
Completed static elaboration
Compiling module pulse_generator
Compiling module Duration_FSM
Compiling module song_library
Compiling module Keyboard
Compiling module sound_generator
Compiling module MusicSynthesizer
Compiling module MusicSynthesizer_MusicSynthesize...
Compiling module glbl
Time Resolution for simulation is 1ps.
Waiting for 1 sub-compilation(s) to finish...
Compiled 8 Verilog Units
Built simulation executable U:/My Documents/Lab6/MusicSynthesizer_MusicSynthesizer_sch_tb_isim_beh.exe
Fuse Memory Usage: 27864 KB
Fuse CPU Usage: 561 ms
