Release 14.7 - xst P.20131013 (nt64)
Copyright (c) 1995-2013 Xilinx, Inc.  All rights reserved.
--> Parameter TMPDIR set to xst/projnav.tmp


Total REAL time to Xst completion: 0.00 secs
Total CPU time to Xst completion: 0.13 secs
 
--> Parameter xsthdpdir set to xst


Total REAL time to Xst completion: 0.00 secs
Total CPU time to Xst completion: 0.13 secs
 
--> Reading design: SoundGenerator.prj

TABLE OF CONTENTS
  1) Synthesis Options Summary
  2) HDL Parsing
  3) HDL Elaboration
  4) HDL Synthesis
       4.1) HDL Synthesis Report
  5) Advanced HDL Synthesis
       5.1) Advanced HDL Synthesis Report
  6) Low Level Synthesis
  7) Partition Report
  8) Design Summary
       8.1) Primitive and Black Box Usage
       8.2) Device utilization summary
       8.3) Partition Resource Summary
       8.4) Timing Report
            8.4.1) Clock Information
            8.4.2) Asynchronous Control Signals Information
            8.4.3) Timing Summary
            8.4.4) Timing Details
            8.4.5) Cross Clock Domains Report


=========================================================================
*                      Synthesis Options Summary                        *
=========================================================================
---- Source Parameters
Input File Name                    : "SoundGenerator.prj"
Ignore Synthesis Constraint File   : NO

---- Target Parameters
Output File Name                   : "SoundGenerator"
Output Format                      : NGC
Target Device                      : xc6slx16-3-csg324

---- Source Options
Top Module Name                    : SoundGenerator
Automatic FSM Extraction           : YES
FSM Encoding Algorithm             : Auto
Safe Implementation                : No
FSM Style                          : LUT
RAM Extraction                     : Yes
RAM Style                          : Auto
ROM Extraction                     : Yes
Shift Register Extraction          : YES
ROM Style                          : Auto
Resource Sharing                   : YES
Asynchronous To Synchronous        : NO
Shift Register Minimum Size        : 2
Use DSP Block                      : Auto
Automatic Register Balancing       : No

---- Target Options
LUT Combining                      : Auto
Reduce Control Sets                : Auto
Add IO Buffers                     : YES
Global Maximum Fanout              : 100000
Add Generic Clock Buffer(BUFG)     : 16
Register Duplication               : YES
Optimize Instantiated Primitives   : NO
Use Clock Enable                   : Auto
Use Synchronous Set                : Auto
Use Synchronous Reset              : Auto
Pack IO Registers into IOBs        : Auto
Equivalent register Removal        : YES

---- General Options
Optimization Goal                  : Speed
Optimization Effort                : 1
Power Reduction                    : NO
Keep Hierarchy                     : No
Netlist Hierarchy                  : As_Optimized
RTL Output                         : Yes
Global Optimization                : AllClockNets
Read Cores                         : YES
Write Timing Constraints           : NO
Cross Clock Analysis               : NO
Hierarchy Separator                : /
Bus Delimiter                      : <>
Case Specifier                     : Maintain
Slice Utilization Ratio            : 100
BRAM Utilization Ratio             : 100
DSP48 Utilization Ratio            : 100
Auto BRAM Packing                  : NO
Slice Utilization Ratio Delta      : 5

=========================================================================


=========================================================================
*                          HDL Parsing                                  *
=========================================================================
Analyzing Verilog file "C:\Users\u0655172\Desktop\ECE3710\SoundGenerator\sound_generator.v" into library work
Parsing module <sound_generator>.
Analyzing Verilog file "C:\Users\u0655172\Desktop\ECE3710\SoundGenerator\song_library.v" into library work
Parsing module <melody_library>.
INFO:HDLCompiler:693 - "C:\Users\u0655172\Desktop\ECE3710\SoundGenerator\song_library.v" Line 28. parameter declaration becomes local in melody_library with formal parameter declaration list
INFO:HDLCompiler:693 - "C:\Users\u0655172\Desktop\ECE3710\SoundGenerator\song_library.v" Line 29. parameter declaration becomes local in melody_library with formal parameter declaration list
INFO:HDLCompiler:693 - "C:\Users\u0655172\Desktop\ECE3710\SoundGenerator\song_library.v" Line 30. parameter declaration becomes local in melody_library with formal parameter declaration list
INFO:HDLCompiler:693 - "C:\Users\u0655172\Desktop\ECE3710\SoundGenerator\song_library.v" Line 31. parameter declaration becomes local in melody_library with formal parameter declaration list
INFO:HDLCompiler:693 - "C:\Users\u0655172\Desktop\ECE3710\SoundGenerator\song_library.v" Line 32. parameter declaration becomes local in melody_library with formal parameter declaration list
INFO:HDLCompiler:693 - "C:\Users\u0655172\Desktop\ECE3710\SoundGenerator\song_library.v" Line 33. parameter declaration becomes local in melody_library with formal parameter declaration list
INFO:HDLCompiler:693 - "C:\Users\u0655172\Desktop\ECE3710\SoundGenerator\song_library.v" Line 36. parameter declaration becomes local in melody_library with formal parameter declaration list
INFO:HDLCompiler:693 - "C:\Users\u0655172\Desktop\ECE3710\SoundGenerator\song_library.v" Line 47. parameter declaration becomes local in melody_library with formal parameter declaration list
Analyzing Verilog file "C:\Users\u0655172\Desktop\ECE3710\SoundGenerator\Pulse_generator.v" into library work
Parsing module <pulse_generator>.
Analyzing Verilog file "C:\Users\u0655172\Desktop\ECE3710\SoundGenerator\Duration_FSM.v" into library work
Parsing module <Duration_FSM>.
Analyzing Verilog file "C:\Users\u0655172\Desktop\ECE3710\SoundGenerator\bass_library.v" into library work
Parsing module <bass_library>.
INFO:HDLCompiler:693 - "C:\Users\u0655172\Desktop\ECE3710\SoundGenerator\bass_library.v" Line 28. parameter declaration becomes local in bass_library with formal parameter declaration list
INFO:HDLCompiler:693 - "C:\Users\u0655172\Desktop\ECE3710\SoundGenerator\bass_library.v" Line 29. parameter declaration becomes local in bass_library with formal parameter declaration list
INFO:HDLCompiler:693 - "C:\Users\u0655172\Desktop\ECE3710\SoundGenerator\bass_library.v" Line 30. parameter declaration becomes local in bass_library with formal parameter declaration list
INFO:HDLCompiler:693 - "C:\Users\u0655172\Desktop\ECE3710\SoundGenerator\bass_library.v" Line 31. parameter declaration becomes local in bass_library with formal parameter declaration list
INFO:HDLCompiler:693 - "C:\Users\u0655172\Desktop\ECE3710\SoundGenerator\bass_library.v" Line 32. parameter declaration becomes local in bass_library with formal parameter declaration list
INFO:HDLCompiler:693 - "C:\Users\u0655172\Desktop\ECE3710\SoundGenerator\bass_library.v" Line 33. parameter declaration becomes local in bass_library with formal parameter declaration list
INFO:HDLCompiler:693 - "C:\Users\u0655172\Desktop\ECE3710\SoundGenerator\bass_library.v" Line 36. parameter declaration becomes local in bass_library with formal parameter declaration list
INFO:HDLCompiler:693 - "C:\Users\u0655172\Desktop\ECE3710\SoundGenerator\bass_library.v" Line 47. parameter declaration becomes local in bass_library with formal parameter declaration list
Analyzing Verilog file "C:\Users\u0655172\Desktop\ECE3710\SoundGenerator\SoundGenerator.v" into library work
Parsing module <SoundGenerator>.

=========================================================================
*                            HDL Elaboration                            *
=========================================================================

Elaborating module <SoundGenerator>.

Elaborating module <pulse_generator>.
WARNING:HDLCompiler:413 - "C:\Users\u0655172\Desktop\ECE3710\SoundGenerator\Pulse_generator.v" Line 54: Result of 28-bit expression is truncated to fit in 27-bit target.

Elaborating module <Duration_FSM>.
WARNING:HDLCompiler:413 - "C:\Users\u0655172\Desktop\ECE3710\SoundGenerator\Duration_FSM.v" Line 54: Result of 32-bit expression is truncated to fit in 3-bit target.
WARNING:HDLCompiler:413 - "C:\Users\u0655172\Desktop\ECE3710\SoundGenerator\Duration_FSM.v" Line 55: Result of 32-bit expression is truncated to fit in 3-bit target.
WARNING:HDLCompiler:413 - "C:\Users\u0655172\Desktop\ECE3710\SoundGenerator\Duration_FSM.v" Line 56: Result of 32-bit expression is truncated to fit in 3-bit target.
WARNING:HDLCompiler:413 - "C:\Users\u0655172\Desktop\ECE3710\SoundGenerator\Duration_FSM.v" Line 57: Result of 32-bit expression is truncated to fit in 3-bit target.
WARNING:HDLCompiler:413 - "C:\Users\u0655172\Desktop\ECE3710\SoundGenerator\Duration_FSM.v" Line 58: Result of 32-bit expression is truncated to fit in 3-bit target.
WARNING:HDLCompiler:413 - "C:\Users\u0655172\Desktop\ECE3710\SoundGenerator\Duration_FSM.v" Line 82: Result of 8-bit expression is truncated to fit in 7-bit target.
WARNING:HDLCompiler:413 - "C:\Users\u0655172\Desktop\ECE3710\SoundGenerator\Duration_FSM.v" Line 100: Result of 8-bit expression is truncated to fit in 7-bit target.
WARNING:HDLCompiler:413 - "C:\Users\u0655172\Desktop\ECE3710\SoundGenerator\Duration_FSM.v" Line 118: Result of 8-bit expression is truncated to fit in 7-bit target.
WARNING:HDLCompiler:413 - "C:\Users\u0655172\Desktop\ECE3710\SoundGenerator\Duration_FSM.v" Line 136: Result of 8-bit expression is truncated to fit in 7-bit target.
WARNING:HDLCompiler:413 - "C:\Users\u0655172\Desktop\ECE3710\SoundGenerator\Duration_FSM.v" Line 154: Result of 8-bit expression is truncated to fit in 7-bit target.

Elaborating module <melody_library>.
WARNING:HDLCompiler:413 - "C:\Users\u0655172\Desktop\ECE3710\SoundGenerator\song_library.v" Line 55: Result of 7-bit expression is truncated to fit in 6-bit target.

Elaborating module <sound_generator>.
WARNING:HDLCompiler:413 - "C:\Users\u0655172\Desktop\ECE3710\SoundGenerator\sound_generator.v" Line 45: Result of 19-bit expression is truncated to fit in 18-bit target.

Elaborating module <bass_library>.
WARNING:HDLCompiler:413 - "C:\Users\u0655172\Desktop\ECE3710\SoundGenerator\bass_library.v" Line 55: Result of 7-bit expression is truncated to fit in 6-bit target.

=========================================================================
*                           HDL Synthesis                               *
=========================================================================

Synthesizing Unit <SoundGenerator>.
    Related source file is "C:\Users\u0655172\Desktop\ECE3710\SoundGenerator\SoundGenerator.v".
    Summary:
	no macro.
Unit <SoundGenerator> synthesized.

Synthesizing Unit <pulse_generator>.
    Related source file is "C:\Users\u0655172\Desktop\ECE3710\SoundGenerator\Pulse_generator.v".
        maxCount = 550000
    Found 1-bit register for signal <enable>.
    Found 27-bit register for signal <count>.
    Found 27-bit adder for signal <count[26]_GND_2_o_add_2_OUT> created at line 54.
    Summary:
	inferred   1 Adder/Subtractor(s).
	inferred  28 D-type flip-flop(s).
Unit <pulse_generator> synthesized.

Synthesizing Unit <Duration_FSM>.
    Related source file is "C:\Users\u0655172\Desktop\ECE3710\SoundGenerator\Duration_FSM.v".
        fetch = 0
        quarter = 1
        eigth = 2
        third = 3
        sixteenth = 4
        sixth = 5
    Found 1-bit register for signal <ended>.
    Found 7-bit register for signal <count>.
    Found 3-bit register for signal <PS>.
    Found 7-bit adder for signal <count[6]_GND_3_o_add_27_OUT> created at line 154.
    Found 3-bit 7-to-1 multiplexer for signal <NS> created at line 52.
    Found 1-bit 7-to-1 multiplexer for signal <PS[2]_GND_3_o_Mux_30_o> created at line 66.
    Summary:
	inferred   1 Adder/Subtractor(s).
	inferred  11 D-type flip-flop(s).
	inferred  13 Multiplexer(s).
Unit <Duration_FSM> synthesized.

Synthesizing Unit <melody_library>.
    Related source file is "C:\Users\u0655172\Desktop\ECE3710\SoundGenerator\song_library.v".
        TICKBITS = 18
    Found 6-bit register for signal <count>.
    Found 6-bit adder for signal <count[5]_GND_4_o_add_2_OUT> created at line 55.
    Found 64x21-bit Read Only RAM for signal <_n0091>
    Summary:
	inferred   1 RAM(s).
	inferred   1 Adder/Subtractor(s).
	inferred   6 D-type flip-flop(s).
	inferred   2 Multiplexer(s).
Unit <melody_library> synthesized.

Synthesizing Unit <sound_generator>.
    Related source file is "C:\Users\u0655172\Desktop\ECE3710\SoundGenerator\sound_generator.v".
        TICKBITS = 18
    Found 18-bit register for signal <count>.
    Found 1-bit register for signal <sound>.
    Found 18-bit adder for signal <count[17]_GND_5_o_add_2_OUT> created at line 45.
    Found 18-bit comparator equal for signal <count[17]_ticks[17]_equal_2_o> created at line 38
    Summary:
	inferred   1 Adder/Subtractor(s).
	inferred  19 D-type flip-flop(s).
	inferred   1 Comparator(s).
	inferred   1 Multiplexer(s).
Unit <sound_generator> synthesized.

Synthesizing Unit <bass_library>.
    Related source file is "C:\Users\u0655172\Desktop\ECE3710\SoundGenerator\bass_library.v".
        TICKBITS = 18
    Found 6-bit register for signal <count>.
    Found 6-bit adder for signal <count[5]_GND_6_o_add_2_OUT> created at line 55.
    Found 64x3-bit Read Only RAM for signal <duration>
    Found 64x18-bit Read Only RAM for signal <ticks>
    Summary:
	inferred   2 RAM(s).
	inferred   1 Adder/Subtractor(s).
	inferred   6 D-type flip-flop(s).
	inferred   2 Multiplexer(s).
Unit <bass_library> synthesized.

=========================================================================
HDL Synthesis Report

Macro Statistics
# RAMs                                                 : 3
 64x18-bit single-port Read Only RAM                   : 1
 64x21-bit single-port Read Only RAM                   : 1
 64x3-bit single-port Read Only RAM                    : 1
# Adders/Subtractors                                   : 7
 18-bit adder                                          : 2
 27-bit adder                                          : 1
 6-bit adder                                           : 2
 7-bit adder                                           : 2
# Registers                                            : 14
 1-bit register                                        : 5
 18-bit register                                       : 2
 27-bit register                                       : 1
 3-bit register                                        : 2
 6-bit register                                        : 2
 7-bit register                                        : 2
# Comparators                                          : 2
 18-bit comparator equal                               : 2
# Multiplexers                                         : 32
 1-bit 2-to-1 multiplexer                              : 2
 1-bit 7-to-1 multiplexer                              : 2
 18-bit 2-to-1 multiplexer                             : 2
 3-bit 7-to-1 multiplexer                              : 2
 6-bit 2-to-1 multiplexer                              : 4
 7-bit 2-to-1 multiplexer                              : 20

=========================================================================

=========================================================================
*                       Advanced HDL Synthesis                          *
=========================================================================


Synthesizing (advanced) Unit <bass_library>.
INFO:Xst:3218 - HDL ADVISOR - The RAM <Mram_duration> will be implemented on LUTs either because you have described an asynchronous read or because of currently unsupported block RAM features. If you have described an asynchronous read, making it synchronous would allow you to take advantage of available block RAM resources, for optimized device usage and improved timings. Please refer to your documentation for coding guidelines.
    -----------------------------------------------------------------------
    | ram_type           | Distributed                         |          |
    -----------------------------------------------------------------------
    | Port A                                                              |
    |     aspect ratio   | 64-word x 3-bit                     |          |
    |     weA            | connected to signal <GND>           | high     |
    |     addrA          | connected to signal <count>         |          |
    |     diA            | connected to signal <GND>           |          |
    |     doA            | connected to signal <duration>      |          |
    -----------------------------------------------------------------------
INFO:Xst:3218 - HDL ADVISOR - The RAM <Mram_ticks> will be implemented on LUTs either because you have described an asynchronous read or because of currently unsupported block RAM features. If you have described an asynchronous read, making it synchronous would allow you to take advantage of available block RAM resources, for optimized device usage and improved timings. Please refer to your documentation for coding guidelines.
    -----------------------------------------------------------------------
    | ram_type           | Distributed                         |          |
    -----------------------------------------------------------------------
    | Port A                                                              |
    |     aspect ratio   | 64-word x 18-bit                    |          |
    |     weA            | connected to signal <GND>           | high     |
    |     addrA          | connected to signal <count>         |          |
    |     diA            | connected to signal <GND>           |          |
    |     doA            | connected to signal <ticks>         |          |
    -----------------------------------------------------------------------
Unit <bass_library> synthesized (advanced).

Synthesizing (advanced) Unit <melody_library>.
INFO:Xst:3218 - HDL ADVISOR - The RAM <Mram__n0091> will be implemented on LUTs either because you have described an asynchronous read or because of currently unsupported block RAM features. If you have described an asynchronous read, making it synchronous would allow you to take advantage of available block RAM resources, for optimized device usage and improved timings. Please refer to your documentation for coding guidelines.
    -----------------------------------------------------------------------
    | ram_type           | Distributed                         |          |
    -----------------------------------------------------------------------
    | Port A                                                              |
    |     aspect ratio   | 64-word x 21-bit                    |          |
    |     weA            | connected to signal <GND>           | high     |
    |     addrA          | connected to signal <count>         |          |
    |     diA            | connected to signal <GND>           |          |
    |     doA            | connected to internal node          |          |
    -----------------------------------------------------------------------
Unit <melody_library> synthesized (advanced).

Synthesizing (advanced) Unit <pulse_generator>.
The following registers are absorbed into counter <count>: 1 register on signal <count>.
Unit <pulse_generator> synthesized (advanced).

Synthesizing (advanced) Unit <sound_generator>.
The following registers are absorbed into counter <count>: 1 register on signal <count>.
Unit <sound_generator> synthesized (advanced).

=========================================================================
Advanced HDL Synthesis Report

Macro Statistics
# RAMs                                                 : 3
 64x18-bit single-port distributed Read Only RAM       : 1
 64x21-bit single-port distributed Read Only RAM       : 1
 64x3-bit single-port distributed Read Only RAM        : 1
# Adders/Subtractors                                   : 4
 6-bit adder                                           : 2
 7-bit adder                                           : 2
# Counters                                             : 3
 18-bit up counter                                     : 2
 27-bit up counter                                     : 1
# Registers                                            : 37
 Flip-Flops                                            : 37
# Comparators                                          : 2
 18-bit comparator equal                               : 2
# Multiplexers                                         : 30
 1-bit 2-to-1 multiplexer                              : 2
 1-bit 7-to-1 multiplexer                              : 2
 3-bit 7-to-1 multiplexer                              : 2
 6-bit 2-to-1 multiplexer                              : 4
 7-bit 2-to-1 multiplexer                              : 20

=========================================================================

=========================================================================
*                         Low Level Synthesis                           *
=========================================================================

Optimizing unit <SoundGenerator> ...

Optimizing unit <Duration_FSM> ...

Optimizing unit <melody_library> ...

Optimizing unit <bass_library> ...
WARNING:Xst:1710 - FF/Latch <bassDurationFSM/PS_2> (without init value) has a constant value of 0 in block <SoundGenerator>. This FF/Latch will be trimmed during the optimization process.
WARNING:Xst:1895 - Due to other FF/Latch trimming, FF/Latch <bassDurationFSM/PS_1> (without init value) has a constant value of 0 in block <SoundGenerator>. This FF/Latch will be trimmed during the optimization process.
WARNING:Xst:1710 - FF/Latch <pulseGen/count_22> (without init value) has a constant value of 0 in block <SoundGenerator>. This FF/Latch will be trimmed during the optimization process.
WARNING:Xst:1895 - Due to other FF/Latch trimming, FF/Latch <pulseGen/count_20> (without init value) has a constant value of 0 in block <SoundGenerator>. This FF/Latch will be trimmed during the optimization process.
WARNING:Xst:1895 - Due to other FF/Latch trimming, FF/Latch <pulseGen/count_21> (without init value) has a constant value of 0 in block <SoundGenerator>. This FF/Latch will be trimmed during the optimization process.
WARNING:Xst:1895 - Due to other FF/Latch trimming, FF/Latch <pulseGen/count_23> (without init value) has a constant value of 0 in block <SoundGenerator>. This FF/Latch will be trimmed during the optimization process.
WARNING:Xst:1895 - Due to other FF/Latch trimming, FF/Latch <pulseGen/count_24> (without init value) has a constant value of 0 in block <SoundGenerator>. This FF/Latch will be trimmed during the optimization process.
WARNING:Xst:1895 - Due to other FF/Latch trimming, FF/Latch <pulseGen/count_25> (without init value) has a constant value of 0 in block <SoundGenerator>. This FF/Latch will be trimmed during the optimization process.
WARNING:Xst:1895 - Due to other FF/Latch trimming, FF/Latch <pulseGen/count_26> (without init value) has a constant value of 0 in block <SoundGenerator>. This FF/Latch will be trimmed during the optimization process.

Mapping all equations...
Building and optimizing final netlist ...
Found area constraint ratio of 100 (+ 5) on block SoundGenerator, actual ratio is 1.

Final Macro Processing ...

=========================================================================
Final Register Report

Macro Statistics
# Registers                                            : 91
 Flip-Flops                                            : 91

=========================================================================

=========================================================================
*                           Partition Report                            *
=========================================================================

Partition Implementation Status
-------------------------------

  No Partitions were found in this design.

-------------------------------

=========================================================================
*                            Design Summary                             *
=========================================================================

Top Level Output File Name         : SoundGenerator.ngc

Primitive and Black Box Usage:
------------------------------
# BELS                             : 302
#      GND                         : 1
#      INV                         : 1
#      LUT1                        : 19
#      LUT2                        : 52
#      LUT3                        : 11
#      LUT4                        : 4
#      LUT5                        : 11
#      LUT6                        : 78
#      MUXCY                       : 67
#      MUXF7                       : 1
#      VCC                         : 1
#      XORCY                       : 56
# FlipFlops/Latches                : 91
#      FD                          : 2
#      FDE                         : 26
#      FDR                         : 63
# Clock Buffers                    : 1
#      BUFGP                       : 1
# IO Buffers                       : 3
#      IBUF                        : 1
#      OBUF                        : 2

Device utilization summary:
---------------------------

Selected Device : 6slx16csg324-3 


Slice Logic Utilization: 
 Number of Slice Registers:              91  out of  18224     0%  
 Number of Slice LUTs:                  176  out of   9112     1%  
    Number used as Logic:               176  out of   9112     1%  

Slice Logic Distribution: 
 Number of LUT Flip Flop pairs used:    179
   Number with an unused Flip Flop:      88  out of    179    49%  
   Number with an unused LUT:             3  out of    179     1%  
   Number of fully used LUT-FF pairs:    88  out of    179    49%  
   Number of unique control sets:         7

IO Utilization: 
 Number of IOs:                           4
 Number of bonded IOBs:                   4  out of    232     1%  

Specific Feature Utilization:
 Number of BUFG/BUFGCTRLs:                1  out of     16     6%  

---------------------------
Partition Resource Summary:
---------------------------

  No Partitions were found in this design.

---------------------------


=========================================================================
Timing Report

NOTE: THESE TIMING NUMBERS ARE ONLY A SYNTHESIS ESTIMATE.
      FOR ACCURATE TIMING INFORMATION PLEASE REFER TO THE TRACE REPORT
      GENERATED AFTER PLACE-and-ROUTE.

Clock Information:
------------------
-----------------------------------+------------------------+-------+
Clock Signal                       | Clock buffer(FF name)  | Load  |
-----------------------------------+------------------------+-------+
clk                                | BUFGP                  | 91    |
-----------------------------------+------------------------+-------+

Asynchronous Control Signals Information:
----------------------------------------
No asynchronous control signals found in this design

Timing Summary:
---------------
Speed Grade: -3

   Minimum period: 5.551ns (Maximum Frequency: 180.140MHz)
   Minimum input arrival time before clock: 4.652ns
   Maximum output required time after clock: 3.634ns
   Maximum combinational path delay: No path found

Timing Details:
---------------
All values displayed in nanoseconds (ns)

=========================================================================
Timing constraint: Default period analysis for Clock 'clk'
  Clock period: 5.551ns (frequency: 180.140MHz)
  Total number of paths / destination ports: 49728 / 137
-------------------------------------------------------------------------
Delay:               5.551ns (Levels of Logic = 27)
  Source:            mlibrary/count_1 (FF)
  Destination:       sgMelody/count_17 (FF)
  Source Clock:      clk rising
  Destination Clock: clk rising

  Data Path: mlibrary/count_1 to sgMelody/count_17
                                Gate     Net
    Cell:in->out      fanout   Delay   Delay  Logical Name (Net Name)
    ----------------------------------------  ------------
     FDE:C->Q             27   0.447   1.565  mlibrary/count_1 (mlibrary/count_1)
     LUT6:I1->O            1   0.203   0.808  mlibrary_Mram__n009141 (ticksMelody<1>)
     LUT6:I3->O            1   0.205   0.000  sgMelody/Mcompar_count[17]_ticks[17]_equal_2_o_lut<0> (sgMelody/Mcompar_count[17]_ticks[17]_equal_2_o_lut<0>)
     MUXCY:S->O            1   0.172   0.000  sgMelody/Mcompar_count[17]_ticks[17]_equal_2_o_cy<0> (sgMelody/Mcompar_count[17]_ticks[17]_equal_2_o_cy<0>)
     MUXCY:CI->O           1   0.019   0.000  sgMelody/Mcompar_count[17]_ticks[17]_equal_2_o_cy<1> (sgMelody/Mcompar_count[17]_ticks[17]_equal_2_o_cy<1>)
     MUXCY:CI->O           1   0.019   0.000  sgMelody/Mcompar_count[17]_ticks[17]_equal_2_o_cy<2> (sgMelody/Mcompar_count[17]_ticks[17]_equal_2_o_cy<2>)
     MUXCY:CI->O           1   0.019   0.000  sgMelody/Mcompar_count[17]_ticks[17]_equal_2_o_cy<3> (sgMelody/Mcompar_count[17]_ticks[17]_equal_2_o_cy<3>)
     MUXCY:CI->O           1   0.019   0.000  sgMelody/Mcompar_count[17]_ticks[17]_equal_2_o_cy<4> (sgMelody/Mcompar_count[17]_ticks[17]_equal_2_o_cy<4>)
     MUXCY:CI->O          20   0.019   1.093  sgMelody/Mcompar_count[17]_ticks[17]_equal_2_o_cy<5> (sgMelody/count[17]_ticks[17]_equal_2_o)
     LUT2:I1->O            1   0.205   0.000  sgMelody/Mcount_count_lut<0> (sgMelody/Mcount_count_lut<0>)
     MUXCY:S->O            1   0.172   0.000  sgMelody/Mcount_count_cy<0> (sgMelody/Mcount_count_cy<0>)
     MUXCY:CI->O           1   0.019   0.000  sgMelody/Mcount_count_cy<1> (sgMelody/Mcount_count_cy<1>)
     MUXCY:CI->O           1   0.019   0.000  sgMelody/Mcount_count_cy<2> (sgMelody/Mcount_count_cy<2>)
     MUXCY:CI->O           1   0.019   0.000  sgMelody/Mcount_count_cy<3> (sgMelody/Mcount_count_cy<3>)
     MUXCY:CI->O           1   0.019   0.000  sgMelody/Mcount_count_cy<4> (sgMelody/Mcount_count_cy<4>)
     MUXCY:CI->O           1   0.019   0.000  sgMelody/Mcount_count_cy<5> (sgMelody/Mcount_count_cy<5>)
     MUXCY:CI->O           1   0.019   0.000  sgMelody/Mcount_count_cy<6> (sgMelody/Mcount_count_cy<6>)
     MUXCY:CI->O           1   0.019   0.000  sgMelody/Mcount_count_cy<7> (sgMelody/Mcount_count_cy<7>)
     MUXCY:CI->O           1   0.019   0.000  sgMelody/Mcount_count_cy<8> (sgMelody/Mcount_count_cy<8>)
     MUXCY:CI->O           1   0.019   0.000  sgMelody/Mcount_count_cy<9> (sgMelody/Mcount_count_cy<9>)
     MUXCY:CI->O           1   0.019   0.000  sgMelody/Mcount_count_cy<10> (sgMelody/Mcount_count_cy<10>)
     MUXCY:CI->O           1   0.019   0.000  sgMelody/Mcount_count_cy<11> (sgMelody/Mcount_count_cy<11>)
     MUXCY:CI->O           1   0.019   0.000  sgMelody/Mcount_count_cy<12> (sgMelody/Mcount_count_cy<12>)
     MUXCY:CI->O           1   0.019   0.000  sgMelody/Mcount_count_cy<13> (sgMelody/Mcount_count_cy<13>)
     MUXCY:CI->O           1   0.019   0.000  sgMelody/Mcount_count_cy<14> (sgMelody/Mcount_count_cy<14>)
     MUXCY:CI->O           1   0.019   0.000  sgMelody/Mcount_count_cy<15> (sgMelody/Mcount_count_cy<15>)
     MUXCY:CI->O           0   0.019   0.000  sgMelody/Mcount_count_cy<16> (sgMelody/Mcount_count_cy<16>)
     XORCY:CI->O           1   0.180   0.000  sgMelody/Mcount_count_xor<17> (sgMelody/Mcount_count17)
     FDR:D                     0.102          sgMelody/count_17
    ----------------------------------------
    Total                      5.551ns (2.085ns logic, 3.466ns route)
                                       (37.6% logic, 62.4% route)

=========================================================================
Timing constraint: Default OFFSET IN BEFORE for Clock 'clk'
  Total number of paths / destination ports: 87 / 87
-------------------------------------------------------------------------
Offset:              4.652ns (Levels of Logic = 2)
  Source:            clr (PAD)
  Destination:       pulseGen/count_0 (FF)
  Destination Clock: clk rising

  Data Path: clr to pulseGen/count_0
                                Gate     Net
    Cell:in->out      fanout   Delay   Delay  Logical Name (Net Name)
    ----------------------------------------  ------------
     IBUF:I->O            58   1.222   1.705  clr_IBUF (clr_IBUF)
     LUT2:I0->O           20   0.203   1.092  pulseGen/Mcount_count_val271 (pulseGen/Mcount_count_val)
     FDR:R                     0.430          pulseGen/count_0
    ----------------------------------------
    Total                      4.652ns (1.855ns logic, 2.797ns route)
                                       (39.9% logic, 60.1% route)

=========================================================================
Timing constraint: Default OFFSET OUT AFTER for Clock 'clk'
  Total number of paths / destination ports: 2 / 2
-------------------------------------------------------------------------
Offset:              3.634ns (Levels of Logic = 1)
  Source:            sgMelody/sound (FF)
  Destination:       soundMelody (PAD)
  Source Clock:      clk rising

  Data Path: sgMelody/sound to soundMelody
                                Gate     Net
    Cell:in->out      fanout   Delay   Delay  Logical Name (Net Name)
    ----------------------------------------  ------------
     FDR:C->Q              2   0.447   0.616  sgMelody/sound (sgMelody/sound)
     OBUF:I->O                 2.571          soundMelody_OBUF (soundMelody)
    ----------------------------------------
    Total                      3.634ns (3.018ns logic, 0.616ns route)
                                       (83.0% logic, 17.0% route)

=========================================================================

Cross Clock Domains Report:
--------------------------

Clock to Setup on destination clock clk
---------------+---------+---------+---------+---------+
               | Src:Rise| Src:Fall| Src:Rise| Src:Fall|
Source Clock   |Dest:Rise|Dest:Rise|Dest:Fall|Dest:Fall|
---------------+---------+---------+---------+---------+
clk            |    5.551|         |         |         |
---------------+---------+---------+---------+---------+

=========================================================================


Total REAL time to Xst completion: 10.00 secs
Total CPU time to Xst completion: 10.33 secs
 
--> 

Total memory usage is 254848 kilobytes

Number of errors   :    0 (   0 filtered)
Number of warnings :   23 (   0 filtered)
Number of infos    :    3 (   0 filtered)

