Command line:
   vgaControl_isim_beh.exe
     -simmode  gui
     -simrunnum  0
     -socket  60425

Tue Nov 04 14:25:34 2014


 Elaboration Time: 0.0312 sec

 Current Memory Usage: 666.419 Meg

 Total Signals          : 15
 Total Nets             : 44
 Total Signal Drivers   : 12
 Total Blocks           : 2
 Total Primitive Blocks : 2
 Total Processes        : 15
 Total Traceable Variables  : 27
 Total Scalar Nets and Variables : 156
Total Line Count : 64

 Total Simulation Time: 0.0312 sec

 Current Memory Usage: 666.419 Meg

Tue Nov 04 14:25:44 2014

