--------------------------------------------------------------------------------
Release 14.7 Trace  (nt64)
Copyright (c) 1995-2013 Xilinx, Inc.  All rights reserved.

C:\Xilinx\14.7\ISE_DS\ISE\bin\nt64\unwrapped\trce.exe -intstyle ise -v 3 -s 3
-n 3 -fastpaths -xml DisplayVGA.twx DisplayVGA.ncd -o DisplayVGA.twr
DisplayVGA.pcf -ucf DisplayVGA.ucf

Design file:              DisplayVGA.ncd
Physical constraint file: DisplayVGA.pcf
Device,package,speed:     xc6slx16,csg324,C,-3 (PRODUCTION 1.23 2013-10-13)
Report level:             verbose report

Environment Variable      Effect 
--------------------      ------ 
NONE                      No environment variables were set
--------------------------------------------------------------------------------

INFO:Timing:2698 - No timing constraints found, doing default enumeration.
INFO:Timing:3412 - To improve timing, see the Timing Closure User Guide (UG612).
INFO:Timing:2752 - To get complete path coverage, use the unconstrained paths 
   option. All paths that are not constrained will be reported in the 
   unconstrained paths section(s) of the report.
INFO:Timing:3339 - The clock-to-out numbers in this timing report are based on 
   a 50 Ohm transmission line loading model.  For the details of this model, 
   and for more information on accounting for different loading conditions, 
   please see the device datasheet.



Data Sheet report:
-----------------
All values displayed in nanoseconds (ns)

Setup/Hold to clock clk
------------+------------+------------+------------+------------+------------------+--------+
            |Max Setup to|  Process   |Max Hold to |  Process   |                  | Clock  |
Source      | clk (edge) |   Corner   | clk (edge) |   Corner   |Internal Clock(s) | Phase  |
------------+------------+------------+------------+------------+------------------+--------+
cpuWriteEn  |    2.563(R)|      SLOW  |   -1.121(R)|      FAST  |clk_BUFGP         |   0.000|
reset       |    2.735(R)|      SLOW  |   -1.048(R)|      FAST  |clk_BUFGP         |   0.000|
------------+------------+------------+------------+------------+------------------+--------+

Clock clk to Pad
------------+-----------------+------------+-----------------+------------+------------------+--------+
            |Max (slowest) clk|  Process   |Min (fastest) clk|  Process   |                  | Clock  |
Destination |  (edge) to PAD  |   Corner   |  (edge) to PAD  |   Corner   |Internal Clock(s) | Phase  |
------------+-----------------+------------+-----------------+------------+------------------+--------+
rgb<0>      |        11.772(R)|      SLOW  |         6.085(R)|      FAST  |clk_BUFGP         |   0.000|
rgb<1>      |        12.012(R)|      SLOW  |         5.964(R)|      FAST  |clk_BUFGP         |   0.000|
rgb<2>      |        12.068(R)|      SLOW  |         5.840(R)|      FAST  |clk_BUFGP         |   0.000|
rgb<3>      |        11.814(R)|      SLOW  |         5.919(R)|      FAST  |clk_BUFGP         |   0.000|
rgb<4>      |        11.618(R)|      SLOW  |         5.918(R)|      FAST  |clk_BUFGP         |   0.000|
rgb<5>      |        11.358(R)|      SLOW  |         5.741(R)|      FAST  |clk_BUFGP         |   0.000|
------------+-----------------+------------+-----------------+------------+------------------+--------+

Clock to Setup on destination clock clk
---------------+---------+---------+---------+---------+
               | Src:Rise| Src:Fall| Src:Rise| Src:Fall|
Source Clock   |Dest:Rise|Dest:Rise|Dest:Fall|Dest:Fall|
---------------+---------+---------+---------+---------+
clk            |    1.926|         |         |         |
---------------+---------+---------+---------+---------+


Analysis completed Tue Nov 04 18:07:37 2014 
--------------------------------------------------------------------------------

Trace Settings:
-------------------------
Trace Settings 

Peak Memory Usage: 218 MB



