--------------------------------------------------------------------------------
Release 14.7 Trace  (nt64)
Copyright (c) 1995-2013 Xilinx, Inc.  All rights reserved.

C:\Xilinx\14.7\ISE_DS\ISE\bin\nt64\unwrapped\trce.exe -intstyle ise -v 3 -s 3
-n 3 -fastpaths -xml System.twx System.ncd -o System.twr System.pcf -ucf
System.ucf

Design file:              System.ncd
Physical constraint file: System.pcf
Device,package,speed:     xc6slx16,csg324,C,-3 (PRODUCTION 1.23 2013-10-13)
Report level:             verbose report

Environment Variable      Effect 
--------------------      ------ 
NONE                      No environment variables were set
--------------------------------------------------------------------------------

INFO:Timing:2698 - No timing constraints found, doing default enumeration.
INFO:Timing:3412 - To improve timing, see the Timing Closure User Guide (UG612).
INFO:Timing:2752 - To get complete path coverage, use the unconstrained paths 
   option. All paths that are not constrained will be reported in the 
   unconstrained paths section(s) of the report.
INFO:Timing:3339 - The clock-to-out numbers in this timing report are based on 
   a 50 Ohm transmission line loading model.  For the details of this model, 
   and for more information on accounting for different loading conditions, 
   please see the device datasheet.



Data Sheet report:
-----------------
All values displayed in nanoseconds (ns)

Setup/Hold to clock clk
------------+------------+------------+------------+------------+------------------+--------+
            |Max Setup to|  Process   |Max Hold to |  Process   |                  | Clock  |
Source      | clk (edge) |   Corner   | clk (edge) |   Corner   |Internal Clock(s) | Phase  |
------------+------------+------------+------------+------------+------------------+--------+
reset       |   25.741(R)|      SLOW  |   -2.385(R)|      FAST  |clk_100M          |   0.000|
            |   28.292(R)|      SLOW  |   -3.172(R)|      FAST  |clk_50M           |   0.000|
------------+------------+------------+------------+------------+------------------+--------+

Clock clk to Pad
------------+-----------------+------------+-----------------+------------+------------------+--------+
            |Max (slowest) clk|  Process   |Min (fastest) clk|  Process   |                  | Clock  |
Destination |  (edge) to PAD  |   Corner   |  (edge) to PAD  |   Corner   |Internal Clock(s) | Phase  |
------------+-----------------+------------+-----------------+------------+------------------+--------+
latch       |         9.175(R)|      SLOW  |         4.340(R)|      FAST  |clk_50M           |   0.000|
leds<0>     |         6.359(R)|      SLOW  |         4.158(R)|      FAST  |clk_50M           |   0.000|
leds<1>     |         6.359(R)|      SLOW  |         4.158(R)|      FAST  |clk_50M           |   0.000|
leds<2>     |         6.513(R)|      SLOW  |         4.272(R)|      FAST  |clk_50M           |   0.000|
leds<3>     |         6.268(R)|      SLOW  |         4.099(R)|      FAST  |clk_50M           |   0.000|
leds<4>     |         7.434(R)|      SLOW  |         4.742(R)|      FAST  |clk_50M           |   0.000|
leds<5>     |         7.510(R)|      SLOW  |         4.779(R)|      FAST  |clk_50M           |   0.000|
leds<6>     |         7.523(R)|      SLOW  |         4.828(R)|      FAST  |clk_50M           |   0.000|
leds<7>     |         6.884(R)|      SLOW  |         4.423(R)|      FAST  |clk_50M           |   0.000|
pulse       |        11.930(R)|      SLOW  |         4.505(R)|      FAST  |clk_50M           |   0.000|
rgb<0>      |        16.081(R)|      SLOW  |         6.411(R)|      FAST  |clk_100M          |   0.000|
rgb<1>      |        15.468(R)|      SLOW  |         6.178(R)|      FAST  |clk_100M          |   0.000|
rgb<4>      |        14.102(R)|      SLOW  |         6.117(R)|      FAST  |clk_100M          |   0.000|
rgb<5>      |        14.323(R)|      SLOW  |         6.076(R)|      FAST  |clk_100M          |   0.000|
rgb<7>      |        14.862(R)|      SLOW  |         6.431(R)|      FAST  |clk_100M          |   0.000|
------------+-----------------+------------+-----------------+------------+------------------+--------+

Clock to Setup on destination clock clk
---------------+---------+---------+---------+---------+
               | Src:Rise| Src:Fall| Src:Rise| Src:Fall|
Source Clock   |Dest:Rise|Dest:Rise|Dest:Fall|Dest:Fall|
---------------+---------+---------+---------+---------+
clk            |   24.175|         |         |         |
---------------+---------+---------+---------+---------+


Analysis completed Wed Dec 03 16:58:31 2014 
--------------------------------------------------------------------------------

Trace Settings:
-------------------------
Trace Settings 

Peak Memory Usage: 303 MB



