Command line:
   ProgramCounter_isim_beh.exe
     -simmode  gui
     -simrunnum  0
     -socket  60725

Tue Oct 14 13:20:20 2014


 Elaboration Time: 0.0468 sec

 Current Memory Usage: 666.419 Meg

 Total Signals          : 41
 Total Nets             : 340
 Total Signal Drivers   : 13
 Total Blocks           : 5
 Total Primitive Blocks : 4
 Total Processes        : 15
 Total Traceable Variables  : 24
 Total Scalar Nets and Variables : 612
Total Line Count : 27

 Total Simulation Time: 0.078 sec

 Current Memory Usage: 666.419 Meg

Tue Oct 14 13:20:25 2014

