Command line:
   CharacterDisplayRAM_isim_beh.exe
     -simmode  gui
     -simrunnum  0
     -socket  59120

Sat Nov 01 13:59:21 2014


 Elaboration Time: 0.078001 sec

 Current Memory Usage: 501.76 Meg

 Total Signals          : 23
 Total Nets             : 66
 Total Signal Drivers   : 7
 Total Blocks           : 2
 Total Primitive Blocks : 2
 Total Processes        : 10
 Total Traceable Variables  : 23
 Total Scalar Nets and Variables : 1758
Total Line Count : 23

 Total Simulation Time: 0.109201 sec

 Current Memory Usage: 501.76 Meg

Sat Nov 01 13:59:29 2014

