Command line:
   MusicSynthesizer_MusicSynthesizer_sch_tb_isim_beh.exe
     -simmode  gui
     -simrunnum  0
     -socket  63891

Wed Apr 24 19:48:28 2013


 Elaboration Time: 0.0312 sec

 Current Memory Usage: 501.805 Meg

 Total Signals          : 39
 Total Nets             : 71
 Total Signal Drivers   : 15
 Total Blocks           : 8
 Total Primitive Blocks : 6
 Total Processes        : 27
 Total Traceable Variables  : 47
 Total Scalar Nets and Variables : 663
Total Line Count : 307

 Total Simulation Time: 1.02961 sec

 Current Memory Usage: 501.805 Meg

Wed Apr 24 19:49:15 2013

